/*C12*/SET SCHEMA PUBLIC
SET SCHEMA "PUBLIC"
INSERT INTO EVENTS VALUES('def3aeb9-e869-47c0-9b77-2717c597e4e8','Rocketseat NLW Unite 2','Aprenda Varias tecnologias onkine','rocketseat-nlw-unite-2',2)
COMMIT
INSERT INTO ATTENDEES VALUES('fe28fb7c-da5b-4671-a566-325bf4380db4','Bruno','email.commm','def3aeb9-e869-47c0-9b77-2717c597e4e8','2024-04-04 22:51:31.832435')
COMMIT
INSERT INTO ATTENDEES VALUES('71ce0fe3-742a-49d7-b8bd-860706bf3712','Brun','email.comm','def3aeb9-e869-47c0-9b77-2717c597e4e8','2024-04-04 22:51:43.667440')
COMMIT
INSERT INTO CHECK_INS VALUES(1,'2024-04-04 22:52:09.944129','71ce0fe3-742a-49d7-b8bd-860706bf3712')
COMMIT
DISCONNECT
/*C13*/SET SCHEMA PUBLIC
DISCONNECT
/*C14*/SET SCHEMA PUBLIC
DISCONNECT
/*C15*/SET SCHEMA PUBLIC
DISCONNECT
/*C16*/SET SCHEMA PUBLIC
DISCONNECT
/*C17*/SET SCHEMA PUBLIC
DISCONNECT
/*C18*/SET SCHEMA PUBLIC
DISCONNECT
/*C19*/SET SCHEMA PUBLIC
DISCONNECT
/*C20*/SET SCHEMA PUBLIC
DISCONNECT
/*C21*/SET SCHEMA PUBLIC
DISCONNECT
